IMAndroidCDemo/app/build/intermediates/manifest_merge_blame_file/debug/manifest-merger-blame-debug-report.txt
1<?xml version="1.0" encoding="utf-8"?>
2<manifest xmlns:android="http://schemas.android.com/apk/res/android"
3    package="com.tencent.qcloud.tim.tuikit"
4    android:versionCode="1"
5    android:versionName="7.5.4864" >
6
7    <uses-sdk
8        android:minSdkVersion="19"
8-->src\main\AndroidManifest.xml
9        android:targetSdkVersion="30" />
9-->src\main\AndroidManifest.xml
10
11    <uses-feature android:name="android.hardware.camera" />
11-->[:tuiroomkit] AndroidManifest.xml:9:5-60
11-->[:tuiroomkit] AndroidManifest.xml:9:19-57
12    <uses-feature android:name="android.hardware.camera.autofocus" />
12-->[:tuiroomkit] AndroidManifest.xml:10:5-70
12-->[:tuiroomkit] AndroidManifest.xml:10:19-67
13
14    <uses-permission android:name="android.permission.INTERNET" />
14-->[:tuiroomkit] AndroidManifest.xml:12:5-67
14-->[:tuiroomkit] AndroidManifest.xml:12:22-64
15    <uses-permission android:name="android.permission.RECORD_AUDIO" />
15-->[:tuiroomkit] AndroidManifest.xml:13:5-71
15-->[:tuiroomkit] AndroidManifest.xml:13:22-68
16    <uses-permission android:name="android.permission.CAMERA" />
16-->[:tuiroomkit] AndroidManifest.xml:14:5-65
16-->[:tuiroomkit] AndroidManifest.xml:14:22-62
17    <uses-permission android:name="android.permission.SYSTEM_ALERT_WINDOW" />
17-->[:tuiroomkit] AndroidManifest.xml:15:5-78
17-->[:tuiroomkit] AndroidManifest.xml:15:22-75
18    <uses-permission android:name="android.permission.FOREGROUND_SERVICE" />
18-->[:tuiroomkit] AndroidManifest.xml:16:5-77
18-->[:tuiroomkit] AndroidManifest.xml:16:22-74
19    <uses-permission
19-->[:tuiroomkit] AndroidManifest.xml:17:5-81
20        android:name="android.permission.WRITE_EXTERNAL_STORAGE"
20-->[:tuiroomkit] AndroidManifest.xml:17:22-78
21        android:maxSdkVersion="28" />
21-->[:tuichat] AndroidManifest.xml:11:9-35
22    <uses-permission android:name="android.permission.MODIFY_AUDIO_SETTINGS" />
22-->[:tuichat] AndroidManifest.xml:14:5-80
22-->[:tuichat] AndroidManifest.xml:14:22-77
23    <uses-permission android:name="android.permission.WAKE_LOCK" />
23-->[:tuicallkit] AndroidManifest.xml:11:5-68
23-->[:tuicallkit] AndroidManifest.xml:11:22-65
24    <uses-permission
24-->[:tuicallkit] AndroidManifest.xml:20:5-22:38
25        android:name="android.permission.BLUETOOTH"
25-->[:tuicallkit] AndroidManifest.xml:21:9-52
26        android:maxSdkVersion="30" />
26-->[:tuicallkit] AndroidManifest.xml:22:9-35
27    <uses-permission
27-->[:tuicallkit] AndroidManifest.xml:23:5-25:38
28        android:name="android.permission.BLUETOOTH_ADMIN"
28-->[:tuicallkit] AndroidManifest.xml:24:9-58
29        android:maxSdkVersion="30" /> <!-- Support Android S(31) Bluetooth -->
29-->[:tuicallkit] AndroidManifest.xml:25:9-35
30    <uses-permission android:name="android.permission.BLUETOOTH_CONNECT" /> <!-- ********OPPO 推送 start******** -->
30-->[:tuicallkit] AndroidManifest.xml:27:5-76
30-->[:tuicallkit] AndroidManifest.xml:27:22-73
31    <uses-permission android:name="com.coloros.mcs.permission.RECIEVE_MCS_MESSAGE" />
31-->[:tuiofflinepush] AndroidManifest.xml:11:5-86
31-->[:tuiofflinepush] AndroidManifest.xml:11:22-83
32    <uses-permission android:name="com.heytap.mcs.permission.RECIEVE_MCS_MESSAGE" /> <!-- ********OPPO 推送 end******** -->
32-->[:tuiofflinepush] AndroidManifest.xml:12:5-85
32-->[:tuiofflinepush] AndroidManifest.xml:12:22-82
33    <!-- ********华为推送权限设置******** -->
34    <uses-permission android:name="com.huawei.android.launcher.permission.CHANGE_BADGE" /> <!-- ********小米推送权限设置******** -->
34-->[:tuiofflinepush] AndroidManifest.xml:17:5-91
34-->[:tuiofflinepush] AndroidManifest.xml:17:22-88
35    <permission
35-->[:tuiofflinepush] AndroidManifest.xml:20:5-22:47
36        android:name="com.tencent.qcloud.tim.tuikit.permission.MIPUSH_RECEIVE"
36-->[:tuiofflinepush] AndroidManifest.xml:21:9-66
37        android:protectionLevel="signature" />
37-->[:tuiofflinepush] AndroidManifest.xml:22:9-44
38
39    <uses-permission android:name="com.tencent.qcloud.tim.tuikit.permission.MIPUSH_RECEIVE" /> <!-- ********魅族推送权限设置******** -->
39-->[:tuiofflinepush] AndroidManifest.xml:24:5-82
39-->[:tuiofflinepush] AndroidManifest.xml:24:22-79
40    <!-- 兼容flyme5.0以下版本，魅族内部集成pushSDK必填，不然无法收到消息 -->
41    <uses-permission android:name="com.meizu.flyme.push.permission.RECEIVE" />
41-->[:tuiofflinepush] AndroidManifest.xml:28:5-79
41-->[:tuiofflinepush] AndroidManifest.xml:28:22-76
42
43    <permission
43-->[:tuiofflinepush] AndroidManifest.xml:30:5-32:47
44        android:name="com.tencent.qcloud.tim.tuikit.push.permission.MESSAGE"
44-->[:tuiofflinepush] AndroidManifest.xml:31:9-64
45        android:protectionLevel="signature" />
45-->[:tuiofflinepush] AndroidManifest.xml:32:9-44
46
47    <uses-permission android:name="com.tencent.qcloud.tim.tuikit.push.permission.MESSAGE" /> <!-- 兼容flyme3.0配置权限 -->
47-->[:tuiofflinepush] AndroidManifest.xml:34:5-80
47-->[:tuiofflinepush] AndroidManifest.xml:34:22-77
48    <uses-permission android:name="com.meizu.c2dm.permission.RECEIVE" />
48-->[:tuiofflinepush] AndroidManifest.xml:37:5-73
48-->[:tuiofflinepush] AndroidManifest.xml:37:22-70
49
50    <permission
50-->[:tuiofflinepush] AndroidManifest.xml:39:5-41:47
51        android:name="com.tencent.qcloud.tim.tuikit.permission.C2D_MESSAGE"
51-->[:tuiofflinepush] AndroidManifest.xml:40:9-63
52        android:protectionLevel="signature" />
52-->[:tuiofflinepush] AndroidManifest.xml:41:9-44
53
54    <uses-permission android:name="com.tencent.qcloud.tim.tuikit.permission.C2D_MESSAGE" />
54-->[:tuiofflinepush] AndroidManifest.xml:43:5-79
54-->[:tuiofflinepush] AndroidManifest.xml:43:22-76
55    <uses-permission android:name="android.permission.ACCESS_WIFI_STATE" />
55-->[com.tencent.liteav:LiteAVSDK_TRTC:11.4.0.13189] AndroidManifest.xml:11:5-76
55-->[com.tencent.liteav:LiteAVSDK_TRTC:11.4.0.13189] AndroidManifest.xml:11:22-73
56    <uses-permission android:name="android.permission.ACCESS_NETWORK_STATE" />
56-->[com.tencent.liteav:LiteAVSDK_TRTC:11.4.0.13189] AndroidManifest.xml:12:5-79
56-->[com.tencent.liteav:LiteAVSDK_TRTC:11.4.0.13189] AndroidManifest.xml:12:22-76
57    <uses-permission android:name="android.permission.POST_NOTIFICATIONS" /> <!-- Required by older versions of Google Play services to create IID tokens -->
57-->[com.google.firebase:firebase-messaging:23.1.2] AndroidManifest.xml:25:5-77
57-->[com.google.firebase:firebase-messaging:23.1.2] AndroidManifest.xml:25:22-74
58    <uses-permission android:name="com.google.android.c2dm.permission.RECEIVE" /> <!-- version 4.1.0 -->
58-->[com.google.firebase:firebase-messaging:23.1.2] AndroidManifest.xml:28:5-82
58-->[com.google.firebase:firebase-messaging:23.1.2] AndroidManifest.xml:28:22-79
59    <uses-permission android:name="com.meizu.flyme.permission.PUSH" />
59-->[com.tencent.tpns:meizu:1.3.3.3-release] AndroidManifest.xml:9:5-71
59-->[com.tencent.tpns:meizu:1.3.3.3-release] AndroidManifest.xml:9:22-68
60
61    <permission
61-->[com.huawei.hms:push:6.10.0.300] AndroidManifest.xml:9:5-11:47
62        android:name="com.tencent.qcloud.tim.tuikit.permission.PROCESS_PUSH_MSG"
62-->[com.huawei.hms:push:6.10.0.300] AndroidManifest.xml:10:9-68
63        android:protectionLevel="signature" /> <!-- PUSH_PROVIDER and PUSH_WRITE_PROVIDER are both provider registered permissions for the notification switch. -->
63-->[com.huawei.hms:push:6.10.0.300] AndroidManifest.xml:11:9-44
64    <!-- The SDK's notification bar switch, EMUI 9.x becomes write to the local sp, sharing the file through the provider to the push-rom, which reads the sp file to get the status of the notification bar switch. -->
65    <permission
65-->[com.huawei.hms:push:6.10.0.300] AndroidManifest.xml:14:5-16:47
66        android:name="com.tencent.qcloud.tim.tuikit.permission.PUSH_PROVIDER"
66-->[com.huawei.hms:push:6.10.0.300] AndroidManifest.xml:15:9-65
67        android:protectionLevel="signature" />
67-->[com.huawei.hms:push:6.10.0.300] AndroidManifest.xml:16:9-44
68    <permission
68-->[com.huawei.hms:push:6.10.0.300] AndroidManifest.xml:17:5-19:47
69        android:name="com.tencent.qcloud.tim.tuikit.permission.PUSH_WRITE_PROVIDER"
69-->[com.huawei.hms:push:6.10.0.300] AndroidManifest.xml:18:9-71
70        android:protectionLevel="signature" />
70-->[com.huawei.hms:push:6.10.0.300] AndroidManifest.xml:19:9-44
71
72    <uses-permission android:name="com.tencent.qcloud.tim.tuikit.permission.PROCESS_PUSH_MSG" />
72-->[com.huawei.hms:push:6.10.0.300] AndroidManifest.xml:21:5-84
72-->[com.huawei.hms:push:6.10.0.300] AndroidManifest.xml:21:22-81
73    <uses-permission android:name="com.tencent.qcloud.tim.tuikit.permission.PUSH_PROVIDER" />
73-->[com.huawei.hms:push:6.10.0.300] AndroidManifest.xml:22:5-81
73-->[com.huawei.hms:push:6.10.0.300] AndroidManifest.xml:22:22-78
74
75    <permission
75-->[com.tencent.tpns:honor:1.3.3.3-release] AndroidManifest.xml:9:5-11:55
76        android:name="com.tencent.qcloud.tim.tuikit.hihonor.permission.PROCESS_PUSH_MSG"
76-->[com.tencent.tpns:honor:1.3.3.3-release] AndroidManifest.xml:10:9-76
77        android:protectionLevel="signatureOrSystem" />
77-->[com.tencent.tpns:honor:1.3.3.3-release] AndroidManifest.xml:11:9-52
78
79    <uses-permission android:name="com.hihonor.push.permission.READ_PUSH_NOTIFICATION_INFO" />
79-->[com.tencent.tpns:honor:1.3.3.3-release] AndroidManifest.xml:13:5-95
79-->[com.tencent.tpns:honor:1.3.3.3-release] AndroidManifest.xml:13:22-92
80
81    <queries>
81-->[com.tencent.tpns:honor:1.3.3.3-release] AndroidManifest.xml:15:5-19:15
82        <intent>
82-->[com.tencent.tpns:honor:1.3.3.3-release] AndroidManifest.xml:16:9-18:18
83            <action android:name="com.hihonor.push.action.BIND_PUSH_SERVICE" />
83-->[com.tencent.tpns:honor:1.3.3.3-release] AndroidManifest.xml:17:13-80
83-->[com.tencent.tpns:honor:1.3.3.3-release] AndroidManifest.xml:17:21-77
84        </intent>
85        <intent>
85-->[com.huawei.hms:device:6.8.0.300] AndroidManifest.xml:15:9-17:18
86            <action android:name="com.huawei.hms.core.aidlservice" />
86-->[com.huawei.hms:device:6.8.0.300] AndroidManifest.xml:16:13-70
86-->[com.huawei.hms:device:6.8.0.300] AndroidManifest.xml:16:21-67
87        </intent>
88        <intent>
88-->[com.huawei.hms:device:6.8.0.300] AndroidManifest.xml:18:9-20:18
89            <action android:name="com.huawei.hms.core" />
89-->[com.huawei.hms:device:6.8.0.300] AndroidManifest.xml:19:13-58
89-->[com.huawei.hms:device:6.8.0.300] AndroidManifest.xml:19:21-55
90        </intent>
91    </queries>
92
93    <application
93-->src\main\AndroidManifest.xml:6:5-98:19
94        android:name="com.tencent.qcloud.tim.demo.DemoApplication"
94-->src\main\AndroidManifest.xml:7:9-40
95        android:allowBackup="false"
95-->src\main\AndroidManifest.xml:8:9-36
96        android:appComponentFactory="androidx.core.app.CoreComponentFactory"
96-->[androidx.core:core:1.5.0] AndroidManifest.xml:24:18-86
97        android:debuggable="true"
98        android:icon="@drawable/ic_launcher"
98-->src\main\AndroidManifest.xml:9:9-45
99        android:label="@string/demo_app_name"
99-->src\main\AndroidManifest.xml:10:9-46
100        android:supportsRtl="true"
100-->src\main\AndroidManifest.xml:11:9-35
101        android:theme="@style/DemoAppTheme"
101-->src\main\AndroidManifest.xml:12:9-44
102        android:usesCleartextTraffic="true" >
102-->[com.tencent.liteav:LiteAVSDK_TRTC:11.4.0.13189] AndroidManifest.xml:19:9-44
103        <activity
103-->src\main\AndroidManifest.xml:13:9-26:20
104            android:name="com.tencent.qcloud.tim.demo.SplashActivity"
104-->src\main\AndroidManifest.xml:14:13-43
105            android:exported="true"
105-->src\main\AndroidManifest.xml:16:13-36
106            android:screenOrientation="portrait"
106-->src\main\AndroidManifest.xml:15:13-49
107            android:theme="@style/SplashTheme" >
107-->src\main\AndroidManifest.xml:17:13-47
108            <intent-filter>
108-->src\main\AndroidManifest.xml:18:13-25:29
109                <action android:name="android.intent.action.VIEW" />
109-->src\main\AndroidManifest.xml:19:17-69
109-->src\main\AndroidManifest.xml:19:25-66
110                <action android:name="android.intent.action.MAIN" />
110-->src\main\AndroidManifest.xml:20:17-69
110-->src\main\AndroidManifest.xml:20:25-66
111                <action android:name="com.tencent.qloud.splash" />
111-->src\main\AndroidManifest.xml:21:17-67
111-->src\main\AndroidManifest.xml:21:25-64
112
113                <category android:name="android.intent.category.DEFAULT" />
113-->src\main\AndroidManifest.xml:23:17-76
113-->src\main\AndroidManifest.xml:23:27-73
114                <category android:name="android.intent.category.LAUNCHER" />
114-->src\main\AndroidManifest.xml:24:17-77
114-->src\main\AndroidManifest.xml:24:27-74
115            </intent-filter>
116        </activity>
117        <activity
117-->src\main\AndroidManifest.xml:28:9-31:52
118            android:name="com.tencent.qcloud.tim.demo.login.LoginForDevActivity"
118-->src\main\AndroidManifest.xml:29:13-54
119            android:launchMode="singleTask"
119-->src\main\AndroidManifest.xml:30:13-44
120            android:screenOrientation="portrait" />
120-->src\main\AndroidManifest.xml:31:13-49
121
122        <provider
123            android:name="com.tencent.qcloud.tim.demo.TIMAppService"
123-->src\main\AndroidManifest.xml:34:13-42
124            android:authorities="com.tencent.qcloud.tim.tuikit.TIMApp.Init"
124-->src\main\AndroidManifest.xml:35:13-63
125            android:enabled="true"
125-->src\main\AndroidManifest.xml:36:13-35
126            android:exported="false" />
126-->src\main\AndroidManifest.xml:37:13-37
127
128        <activity
128-->src\main\AndroidManifest.xml:40:9-41:51
129            android:name="com.tencent.qcloud.tim.demo.login.ThemeSelectActivity"
129-->src\main\AndroidManifest.xml:40:19-60
130            android:screenOrientation="portrait" />
130-->src\main\AndroidManifest.xml:41:13-49
131        <activity
131-->src\main\AndroidManifest.xml:43:9-44:51
132            android:name="com.tencent.qcloud.tim.demo.login.StyleSelectActivity"
132-->src\main\AndroidManifest.xml:43:19-60
133            android:screenOrientation="portrait" />
133-->src\main\AndroidManifest.xml:44:13-49
134        <activity
134-->src\main\AndroidManifest.xml:46:9-47:51
135            android:name="com.tencent.qcloud.tim.demo.login.LanguageSelectActivity"
135-->src\main\AndroidManifest.xml:46:19-63
136            android:screenOrientation="portrait" />
136-->src\main\AndroidManifest.xml:47:13-49
137        <activity
137-->src\main\AndroidManifest.xml:48:9-65:20
138            android:name="com.tencent.qcloud.tim.demo.main.MainActivity"
138-->src\main\AndroidManifest.xml:49:13-46
139            android:exported="true"
139-->src\main\AndroidManifest.xml:52:13-36
140            android:launchMode="singleTask"
140-->src\main\AndroidManifest.xml:50:13-44
141            android:screenOrientation="portrait"
141-->src\main\AndroidManifest.xml:51:13-49
142            android:theme="@style/DemoAppTheme"
142-->src\main\AndroidManifest.xml:53:13-48
143            android:windowSoftInputMode="adjustResize|stateHidden" >
143-->src\main\AndroidManifest.xml:54:13-67
144            <intent-filter>
144-->src\main\AndroidManifest.xml:56:13-64:29
145                <action android:name="android.intent.action.VIEW" />
145-->src\main\AndroidManifest.xml:19:17-69
145-->src\main\AndroidManifest.xml:19:25-66
146
147                <category android:name="android.intent.category.DEFAULT" />
147-->src\main\AndroidManifest.xml:23:17-76
147-->src\main\AndroidManifest.xml:23:27-73
148                <category android:name="android.intent.category.BROWSABLE" />
148-->src\main\AndroidManifest.xml:59:17-78
148-->src\main\AndroidManifest.xml:59:27-75
149
150                <data
150-->src\main\AndroidManifest.xml:60:17-63:51
151                    android:host="com.tencent.qcloud"
151-->src\main\AndroidManifest.xml:61:21-54
152                    android:path="/detail"
152-->src\main\AndroidManifest.xml:62:21-43
153                    android:scheme="pushscheme" />
153-->src\main\AndroidManifest.xml:63:21-48
154            </intent-filter>
155        </activity>
156        <activity
156-->src\main\AndroidManifest.xml:67:9-69:52
157            android:name="com.tencent.qcloud.tim.demo.profile.SelfDetailActivity"
157-->src\main\AndroidManifest.xml:68:13-55
158            android:screenOrientation="portrait" />
158-->src\main\AndroidManifest.xml:69:13-49
159        <activity
159-->src\main\AndroidManifest.xml:70:9-71:52
160            android:name="com.tencent.qcloud.tim.demo.profile.AboutIMActivity"
160-->src\main\AndroidManifest.xml:70:19-58
161            android:screenOrientation="portrait" />
161-->src\main\AndroidManifest.xml:71:13-49
162        <activity
162-->src\main\AndroidManifest.xml:73:9-90:20
163            android:name="com.tencent.qcloud.tim.demo.main.MainMinimalistActivity"
163-->src\main\AndroidManifest.xml:74:13-56
164            android:exported="true"
164-->src\main\AndroidManifest.xml:77:13-36
165            android:launchMode="singleTask"
165-->src\main\AndroidManifest.xml:75:13-44
166            android:screenOrientation="portrait"
166-->src\main\AndroidManifest.xml:76:13-49
167            android:theme="@style/DemoAppTheme"
167-->src\main\AndroidManifest.xml:78:13-48
168            android:windowSoftInputMode="adjustResize|stateHidden" >
168-->src\main\AndroidManifest.xml:79:13-67
169            <intent-filter>
169-->src\main\AndroidManifest.xml:56:13-64:29
170                <action android:name="android.intent.action.VIEW" />
170-->src\main\AndroidManifest.xml:19:17-69
170-->src\main\AndroidManifest.xml:19:25-66
171
172                <category android:name="android.intent.category.DEFAULT" />
172-->src\main\AndroidManifest.xml:23:17-76
172-->src\main\AndroidManifest.xml:23:27-73
173                <category android:name="android.intent.category.BROWSABLE" />
173-->src\main\AndroidManifest.xml:59:17-78
173-->src\main\AndroidManifest.xml:59:27-75
174
175                <data
175-->src\main\AndroidManifest.xml:60:17-63:51
176                    android:host="com.tencent.qcloud"
176-->src\main\AndroidManifest.xml:61:21-54
177                    android:path="/detail"
177-->src\main\AndroidManifest.xml:62:21-43
178                    android:scheme="pushscheme" />
178-->src\main\AndroidManifest.xml:63:21-48
179            </intent-filter>
180        </activity>
181        <activity
181-->src\main\AndroidManifest.xml:91:9-93:52
182            android:name="com.tencent.qcloud.tim.demo.profile.SelfDetailMinamalistActivity"
182-->src\main\AndroidManifest.xml:92:13-65
183            android:screenOrientation="portrait" />
183-->src\main\AndroidManifest.xml:93:13-49
184        <activity
184-->src\main\AndroidManifest.xml:94:9-95:52
185            android:name="com.tencent.qcloud.tim.demo.profile.AboutIMMinamalistActivity"
185-->src\main\AndroidManifest.xml:94:19-68
186            android:screenOrientation="portrait" />
186-->src\main\AndroidManifest.xml:95:13-49
187        <activity
187-->[:tuicommunity] AndroidManifest.xml:10:9-14:70
188            android:name="com.tencent.qcloud.tuikit.tuicommunity.ui.page.TopicInfoActivity"
188-->[:tuicommunity] AndroidManifest.xml:11:13-92
189            android:exported="false"
189-->[:tuicommunity] AndroidManifest.xml:12:13-37
190            android:screenOrientation="portrait"
190-->[:tuicommunity] AndroidManifest.xml:13:13-49
191            android:windowSoftInputMode="adjustResize|stateHidden" />
191-->[:tuicommunity] AndroidManifest.xml:14:13-67
192        <activity
192-->[:tuicommunity] AndroidManifest.xml:15:9-19:70
193            android:name="com.tencent.qcloud.tuikit.tuicommunity.ui.page.CommunitySettingsActivity"
193-->[:tuicommunity] AndroidManifest.xml:16:13-100
194            android:exported="false"
194-->[:tuicommunity] AndroidManifest.xml:17:13-37
195            android:screenOrientation="portrait"
195-->[:tuicommunity] AndroidManifest.xml:18:13-49
196            android:windowSoftInputMode="adjustResize|stateHidden" />
196-->[:tuicommunity] AndroidManifest.xml:19:13-67
197        <activity
197-->[:tuicommunity] AndroidManifest.xml:20:9-24:70
198            android:name="com.tencent.qcloud.tuikit.tuicommunity.ui.page.CreateTopicActivity"
198-->[:tuicommunity] AndroidManifest.xml:21:13-94
199            android:exported="false"
199-->[:tuicommunity] AndroidManifest.xml:22:13-37
200            android:screenOrientation="portrait"
200-->[:tuicommunity] AndroidManifest.xml:23:13-49
201            android:windowSoftInputMode="adjustResize|stateHidden" />
201-->[:tuicommunity] AndroidManifest.xml:24:13-67
202        <activity
202-->[:tuicommunity] AndroidManifest.xml:25:9-29:70
203            android:name="com.tencent.qcloud.tuikit.tuicommunity.ui.page.CommunityMemberActivity"
203-->[:tuicommunity] AndroidManifest.xml:26:13-98
204            android:exported="false"
204-->[:tuicommunity] AndroidManifest.xml:27:13-37
205            android:screenOrientation="portrait"
205-->[:tuicommunity] AndroidManifest.xml:28:13-49
206            android:windowSoftInputMode="adjustResize|stateHidden" />
206-->[:tuicommunity] AndroidManifest.xml:29:13-67
207        <activity
207-->[:tuicommunity] AndroidManifest.xml:30:9-34:70
208            android:name="com.tencent.qcloud.tuikit.tuicommunity.ui.page.JoinCommunityActivity"
208-->[:tuicommunity] AndroidManifest.xml:31:13-96
209            android:exported="false"
209-->[:tuicommunity] AndroidManifest.xml:32:13-37
210            android:screenOrientation="portrait"
210-->[:tuicommunity] AndroidManifest.xml:33:13-49
211            android:windowSoftInputMode="adjustResize|stateHidden" />
211-->[:tuicommunity] AndroidManifest.xml:34:13-67
212        <activity
212-->[:tuicommunity] AndroidManifest.xml:35:9-39:70
213            android:name="com.tencent.qcloud.tuikit.tuicommunity.ui.page.CreateCommunityActivity"
213-->[:tuicommunity] AndroidManifest.xml:36:13-98
214            android:exported="false"
214-->[:tuicommunity] AndroidManifest.xml:37:13-37
215            android:screenOrientation="portrait"
215-->[:tuicommunity] AndroidManifest.xml:38:13-49
216            android:windowSoftInputMode="adjustResize|stateHidden" />
216-->[:tuicommunity] AndroidManifest.xml:39:13-67
217
218        <provider
218-->[:tuicommunity] AndroidManifest.xml:41:9-45:40
219            android:name="com.tencent.qcloud.tuikit.tuicommunity.TUICommunityService"
219-->[:tuicommunity] AndroidManifest.xml:42:13-86
220            android:authorities="com.tencent.qcloud.tim.tuikit.TUICommunity.Init"
220-->[:tuicommunity] AndroidManifest.xml:43:13-69
221            android:enabled="true"
221-->[:tuicommunity] AndroidManifest.xml:44:13-35
222            android:exported="false" />
222-->[:tuicommunity] AndroidManifest.xml:45:13-37
223        <provider
223-->[:tuiconversation] AndroidManifest.xml:10:9-14:40
224            android:name="com.tencent.qcloud.tuikit.tuiconversation.TUIConversationService"
224-->[:tuiconversation] AndroidManifest.xml:11:13-92
225            android:authorities="com.tencent.qcloud.tim.tuikit.TUIConversation.Init"
225-->[:tuiconversation] AndroidManifest.xml:12:13-72
226            android:enabled="true"
226-->[:tuiconversation] AndroidManifest.xml:13:13-35
227            android:exported="false" /> <!-- **************** Classic UI Activity Start **************** -->
227-->[:tuiconversation] AndroidManifest.xml:14:13-37
228        <activity
228-->[:tuiconversation] AndroidManifest.xml:17:9-19:52
229            android:name="com.tencent.qcloud.tuikit.tuiconversation.classicui.page.TUIForwardSelectActivity"
229-->[:tuiconversation] AndroidManifest.xml:18:13-109
230            android:screenOrientation="portrait" />
230-->[:tuiconversation] AndroidManifest.xml:19:13-49
231        <activity
231-->[:tuiconversation] AndroidManifest.xml:20:9-22:52
232            android:name="com.tencent.qcloud.tuikit.tuiconversation.classicui.page.TUIFoldedConversationActivity"
232-->[:tuiconversation] AndroidManifest.xml:21:13-114
233            android:screenOrientation="portrait" /> <!-- **************** Classic UI Activity End **************** -->
233-->[:tuiconversation] AndroidManifest.xml:22:13-49
234        <!-- **************** Minimalist UI Activity Start **************** -->
235        <activity
235-->[:tuiconversation] AndroidManifest.xml:27:9-30:78
236            android:name="com.tencent.qcloud.tuikit.tuiconversation.minimalistui.page.TUIForwardSelectMinimalistActivity"
236-->[:tuiconversation] AndroidManifest.xml:28:13-122
237            android:screenOrientation="portrait"
237-->[:tuiconversation] AndroidManifest.xml:29:13-49
238            android:theme="@style/ConversationTransparentPopActivityStyle" />
238-->[:tuiconversation] AndroidManifest.xml:30:13-75
239        <activity
239-->[:tuiconversation] AndroidManifest.xml:31:9-33:52
240            android:name="com.tencent.qcloud.tuikit.tuiconversation.minimalistui.page.TUIFoldedConversationMinimalistActivity"
240-->[:tuiconversation] AndroidManifest.xml:32:13-127
241            android:screenOrientation="portrait" />
241-->[:tuiconversation] AndroidManifest.xml:33:13-49
242
243        <provider
243-->[:tuicontact] AndroidManifest.xml:10:9-14:40
244            android:name="com.tencent.qcloud.tuikit.tuicontact.TUIContactService"
244-->[:tuicontact] AndroidManifest.xml:11:13-82
245            android:authorities="com.tencent.qcloud.tim.tuikit.TUIContact.Init"
245-->[:tuicontact] AndroidManifest.xml:12:13-67
246            android:enabled="true"
246-->[:tuicontact] AndroidManifest.xml:13:13-35
247            android:exported="false" /> <!-- **************** Classic UI Activity Start **************** -->
247-->[:tuicontact] AndroidManifest.xml:14:13-37
248        <activity
248-->[:tuicontact] AndroidManifest.xml:17:9-19:52
249            android:name="com.tencent.qcloud.tuikit.tuicontact.classicui.pages.AddMoreActivity"
249-->[:tuicontact] AndroidManifest.xml:18:13-96
250            android:screenOrientation="portrait" />
250-->[:tuicontact] AndroidManifest.xml:19:13-49
251        <activity
251-->[:tuicontact] AndroidManifest.xml:20:9-22:52
252            android:name="com.tencent.qcloud.tuikit.tuicontact.classicui.pages.FriendProfileActivity"
252-->[:tuicontact] AndroidManifest.xml:21:13-102
253            android:screenOrientation="portrait" />
253-->[:tuicontact] AndroidManifest.xml:22:13-49
254        <activity
254-->[:tuicontact] AndroidManifest.xml:23:9-25:52
255            android:name="com.tencent.qcloud.tuikit.tuicontact.classicui.pages.NewFriendActivity"
255-->[:tuicontact] AndroidManifest.xml:24:13-98
256            android:screenOrientation="portrait" />
256-->[:tuicontact] AndroidManifest.xml:25:13-49
257        <activity
257-->[:tuicontact] AndroidManifest.xml:26:9-28:52
258            android:name="com.tencent.qcloud.tuikit.tuicontact.classicui.pages.BlackListActivity"
258-->[:tuicontact] AndroidManifest.xml:27:13-98
259            android:screenOrientation="portrait" />
259-->[:tuicontact] AndroidManifest.xml:28:13-49
260        <activity
260-->[:tuicontact] AndroidManifest.xml:29:9-31:52
261            android:name="com.tencent.qcloud.tuikit.tuicontact.classicui.pages.GroupListActivity"
261-->[:tuicontact] AndroidManifest.xml:30:13-98
262            android:screenOrientation="portrait" />
262-->[:tuicontact] AndroidManifest.xml:31:13-49
263        <activity
263-->[:tuicontact] AndroidManifest.xml:32:9-34:52
264            android:name="com.tencent.qcloud.tuikit.tuicontact.classicui.pages.StartC2CChatActivity"
264-->[:tuicontact] AndroidManifest.xml:33:13-101
265            android:screenOrientation="portrait" />
265-->[:tuicontact] AndroidManifest.xml:34:13-49
266        <activity
266-->[:tuicontact] AndroidManifest.xml:35:9-38:73
267            android:name="com.tencent.qcloud.tuikit.tuicontact.classicui.pages.StartGroupChatActivity"
267-->[:tuicontact] AndroidManifest.xml:36:13-103
268            android:screenOrientation="portrait"
268-->[:tuicontact] AndroidManifest.xml:37:13-49
269            android:windowSoftInputMode="stateAlwaysHidden|adjustPan" />
269-->[:tuicontact] AndroidManifest.xml:38:13-70
270        <activity
270-->[:tuicontact] AndroidManifest.xml:39:9-42:52
271            android:name="com.tencent.qcloud.tuikit.tuicontact.classicui.pages.ForwardSelectGroupActivity"
271-->[:tuicontact] AndroidManifest.xml:40:13-107
272            android:launchMode="singleInstance"
272-->[:tuicontact] AndroidManifest.xml:41:13-48
273            android:screenOrientation="portrait" />
273-->[:tuicontact] AndroidManifest.xml:42:13-49
274        <activity
274-->[:tuicontact] AndroidManifest.xml:43:9-46:52
275            android:name="com.tencent.qcloud.tuikit.tuicontact.classicui.pages.StartGroupMemberSelectActivity"
275-->[:tuicontact] AndroidManifest.xml:44:13-111
276            android:launchMode="singleInstance"
276-->[:tuicontact] AndroidManifest.xml:45:13-48
277            android:screenOrientation="portrait" />
277-->[:tuicontact] AndroidManifest.xml:46:13-49
278        <activity
278-->[:tuicontact] AndroidManifest.xml:47:9-49:52
279            android:name="com.tencent.qcloud.tuikit.tuicontact.classicui.pages.CreateGroupActivity"
279-->[:tuicontact] AndroidManifest.xml:48:13-100
280            android:screenOrientation="portrait" />
280-->[:tuicontact] AndroidManifest.xml:49:13-49
281        <activity
281-->[:tuicontact] AndroidManifest.xml:50:9-52:52
282            android:name="com.tencent.qcloud.tuikit.tuicontact.classicui.pages.GroupTypeSelectActivity"
282-->[:tuicontact] AndroidManifest.xml:51:13-104
283            android:screenOrientation="portrait" />
283-->[:tuicontact] AndroidManifest.xml:52:13-49
284
285        <provider
285-->[:tuicontact] AndroidManifest.xml:54:9-58:40
286            android:name="com.tencent.qcloud.tuikit.tuicontact.classicui.ClassicUIExtensionObserver"
286-->[:tuicontact] AndroidManifest.xml:55:13-101